['diffusion_models/diffuseq_qqp_h128_lr0.0001_t2000_sqrt_lossaware_seed102_test-qqp20251008-22:34:08/ema_0.9999_050000.pt', 'diffusion_models/diffuseq_qqp_h128_lr0.0001_t2000_sqrt_lossaware_seed102_test-qqp20251008-22:34:08/ema_0.9999_040000.pt']
W1015 13:22:55.454000 2038794 site-packages/torch/distributed/run.py:774] 
W1015 13:22:55.454000 2038794 site-packages/torch/distributed/run.py:774] *****************************************
W1015 13:22:55.454000 2038794 site-packages/torch/distributed/run.py:774] Setting OMP_NUM_THREADS environment variable for each process to be 1 in default, to avoid your system being overloaded, please further tune the variable for optimal performance in your application as needed. 
W1015 13:22:55.454000 2038794 site-packages/torch/distributed/run.py:774] *****************************************
Traceback (most recent call last):
  File "/data3/seungwoochoi/.conda/envs/diffu_seq/bin/torchrun", line 7, in <module>
    sys.exit(main())
             ^^^^^^
  File "/data3/seungwoochoi/.conda/envs/diffu_seq/lib/python3.11/site-packages/torch/distributed/elastic/multiprocessing/errors/__init__.py", line 357, in wrapper
    return f(*args, **kwargs)
           ^^^^^^^^^^^^^^^^^^
  File "/data3/seungwoochoi/.conda/envs/diffu_seq/lib/python3.11/site-packages/torch/distributed/run.py", line 901, in main
    run(args)
  File "/data3/seungwoochoi/.conda/envs/diffu_seq/lib/python3.11/site-packages/torch/distributed/run.py", line 892, in run
    elastic_launch(
  File "/data3/seungwoochoi/.conda/envs/diffu_seq/lib/python3.11/site-packages/torch/distributed/launcher/api.py", line 143, in __call__
    return launch_agent(self._config, self._entrypoint, list(args))
           ^^^^^^^^^^^^^^^^^^^^^^^^^^^^^^^^^^^^^^^^^^^^^^^^^^^^^^^^
  File "/data3/seungwoochoi/.conda/envs/diffu_seq/lib/python3.11/site-packages/torch/distributed/launcher/api.py", line 268, in launch_agent
    result = agent.run()
             ^^^^^^^^^^^
  File "/data3/seungwoochoi/.conda/envs/diffu_seq/lib/python3.11/site-packages/torch/distributed/elastic/metrics/api.py", line 138, in wrapper
    result = f(*args, **kwargs)
             ^^^^^^^^^^^^^^^^^^
  File "/data3/seungwoochoi/.conda/envs/diffu_seq/lib/python3.11/site-packages/torch/distributed/elastic/agent/server/api.py", line 715, in run
    result = self._invoke_run(role)
             ^^^^^^^^^^^^^^^^^^^^^^
  File "/data3/seungwoochoi/.conda/envs/diffu_seq/lib/python3.11/site-packages/torch/distributed/elastic/agent/server/api.py", line 873, in _invoke_run
    self._initialize_workers(self._worker_group)
  File "/data3/seungwoochoi/.conda/envs/diffu_seq/lib/python3.11/site-packages/torch/distributed/elastic/metrics/api.py", line 138, in wrapper
    result = f(*args, **kwargs)
             ^^^^^^^^^^^^^^^^^^
  File "/data3/seungwoochoi/.conda/envs/diffu_seq/lib/python3.11/site-packages/torch/distributed/elastic/agent/server/api.py", line 683, in _initialize_workers
    self._rendezvous(worker_group)
  File "/data3/seungwoochoi/.conda/envs/diffu_seq/lib/python3.11/site-packages/torch/distributed/elastic/metrics/api.py", line 138, in wrapper
    result = f(*args, **kwargs)
             ^^^^^^^^^^^^^^^^^^
  File "/data3/seungwoochoi/.conda/envs/diffu_seq/lib/python3.11/site-packages/torch/distributed/elastic/agent/server/api.py", line 498, in _rendezvous
    rdzv_info = spec.rdzv_handler.next_rendezvous()
                ^^^^^^^^^^^^^^^^^^^^^^^^^^^^^^^^^^^
  File "/data3/seungwoochoi/.conda/envs/diffu_seq/lib/python3.11/site-packages/torch/distributed/elastic/rendezvous/static_tcp_rendezvous.py", line 67, in next_rendezvous
    self._store = TCPStore(  # type: ignore[call-arg]
                  ^^^^^^^^^^^^^^^^^^^^^^^^^^^^^^^^^^^
torch.distributed.DistNetworkError: The server socket has failed to listen on any local network address. port: 12356, useIpv6: false, code: -98, name: EADDRINUSE, message: address already in use
W1015 13:22:57.624000 2038860 site-packages/torch/distributed/run.py:774] 
W1015 13:22:57.624000 2038860 site-packages/torch/distributed/run.py:774] *****************************************
W1015 13:22:57.624000 2038860 site-packages/torch/distributed/run.py:774] Setting OMP_NUM_THREADS environment variable for each process to be 1 in default, to avoid your system being overloaded, please further tune the variable for optimal performance in your application as needed. 
W1015 13:22:57.624000 2038860 site-packages/torch/distributed/run.py:774] *****************************************
Traceback (most recent call last):
  File "/data3/seungwoochoi/.conda/envs/diffu_seq/bin/torchrun", line 7, in <module>
    sys.exit(main())
             ^^^^^^
  File "/data3/seungwoochoi/.conda/envs/diffu_seq/lib/python3.11/site-packages/torch/distributed/elastic/multiprocessing/errors/__init__.py", line 357, in wrapper
    return f(*args, **kwargs)
           ^^^^^^^^^^^^^^^^^^
  File "/data3/seungwoochoi/.conda/envs/diffu_seq/lib/python3.11/site-packages/torch/distributed/run.py", line 901, in main
    run(args)
  File "/data3/seungwoochoi/.conda/envs/diffu_seq/lib/python3.11/site-packages/torch/distributed/run.py", line 892, in run
    elastic_launch(
  File "/data3/seungwoochoi/.conda/envs/diffu_seq/lib/python3.11/site-packages/torch/distributed/launcher/api.py", line 143, in __call__
    return launch_agent(self._config, self._entrypoint, list(args))
           ^^^^^^^^^^^^^^^^^^^^^^^^^^^^^^^^^^^^^^^^^^^^^^^^^^^^^^^^
  File "/data3/seungwoochoi/.conda/envs/diffu_seq/lib/python3.11/site-packages/torch/distributed/launcher/api.py", line 268, in launch_agent
    result = agent.run()
             ^^^^^^^^^^^
  File "/data3/seungwoochoi/.conda/envs/diffu_seq/lib/python3.11/site-packages/torch/distributed/elastic/metrics/api.py", line 138, in wrapper
    result = f(*args, **kwargs)
             ^^^^^^^^^^^^^^^^^^
  File "/data3/seungwoochoi/.conda/envs/diffu_seq/lib/python3.11/site-packages/torch/distributed/elastic/agent/server/api.py", line 715, in run
    result = self._invoke_run(role)
             ^^^^^^^^^^^^^^^^^^^^^^
  File "/data3/seungwoochoi/.conda/envs/diffu_seq/lib/python3.11/site-packages/torch/distributed/elastic/agent/server/api.py", line 873, in _invoke_run
    self._initialize_workers(self._worker_group)
  File "/data3/seungwoochoi/.conda/envs/diffu_seq/lib/python3.11/site-packages/torch/distributed/elastic/metrics/api.py", line 138, in wrapper
    result = f(*args, **kwargs)
             ^^^^^^^^^^^^^^^^^^
  File "/data3/seungwoochoi/.conda/envs/diffu_seq/lib/python3.11/site-packages/torch/distributed/elastic/agent/server/api.py", line 683, in _initialize_workers
    self._rendezvous(worker_group)
  File "/data3/seungwoochoi/.conda/envs/diffu_seq/lib/python3.11/site-packages/torch/distributed/elastic/metrics/api.py", line 138, in wrapper
    result = f(*args, **kwargs)
             ^^^^^^^^^^^^^^^^^^
  File "/data3/seungwoochoi/.conda/envs/diffu_seq/lib/python3.11/site-packages/torch/distributed/elastic/agent/server/api.py", line 498, in _rendezvous
    rdzv_info = spec.rdzv_handler.next_rendezvous()
                ^^^^^^^^^^^^^^^^^^^^^^^^^^^^^^^^^^^
  File "/data3/seungwoochoi/.conda/envs/diffu_seq/lib/python3.11/site-packages/torch/distributed/elastic/rendezvous/static_tcp_rendezvous.py", line 67, in next_rendezvous
    self._store = TCPStore(  # type: ignore[call-arg]
                  ^^^^^^^^^^^^^^^^^^^^^^^^^^^^^^^^^^^
torch.distributed.DistNetworkError: The server socket has failed to listen on any local network address. port: 12356, useIpv6: false, code: -98, name: EADDRINUSE, message: address already in use
############################## decoding finished...
